Build started 6/27/2022 4:01:18 PM.
     1>Project "F:\final\thesis\program\ASDAHE-Lab\finalreport\finalreport.vcxproj" on node 2 (build target(s)).
     1>InitializeBuildStatus:
         Creating "Debug\ASDAHE_Lab.unsuccessfulbuild" because "AlwaysCreate" was specified.
       GenerateTargetFrameworkMonikerAttribute:
       Skipping target "GenerateTargetFrameworkMonikerAttribute" because all output files are up-to-date with respect to the input files.
       ClCompile:
         All outputs are up-to-date.
         All outputs are up-to-date.
         All outputs are up-to-date.
       CoreResGen:
         No resources are out of date with respect to their source files. Skipping resource generation.
       ResourceCompile:
         All outputs are up-to-date.
       Link:
         All outputs are up-to-date.
         finalreport.vcxproj -> F:\final\thesis\program\ASDAHE-Lab\Debug\ASDAHE_Lab.exe
       FinalizeBuildStatus:
         Deleting file "Debug\ASDAHE_Lab.unsuccessfulbuild".
         Touching "Debug\ASDAHE_Lab.lastbuildstate".
     1>Done Building Project "F:\final\thesis\program\ASDAHE-Lab\finalreport\finalreport.vcxproj" (build target(s)).

Build succeeded.

Time Elapsed 00:00:00.20
